C:/Program Files/Git/mingw64/bin/../lib/gcc/x86_64-w64-mingw32/12.2.0/../../../../x86_64-w64-mingw32/bin/ld.exe: obj/DtsodV24.c.o:DtsodV24.c:(.rdata$.refptr.kerepTypeId_Null[.refptr.kerepTypeId_Null]+0x0): undefined reference to `kerepTypeId_Null'
C:/Program Files/Git/mingw64/bin/../lib/gcc/x86_64-w64-mingw32/12.2.0/../../../../x86_64-w64-mingw32/bin/ld.exe: obj/DtsodV24_deserialize.c.o:DtsodV24_deserialize.c:(.rdata$.refptr.kerepTypeId_AutoarrUnitypePtr[.refptr.kerepTypeId_AutoarrUnitypePtr]+0x0): undefined reference to `kerepTypeId_AutoarrUnitypePtr'
C:/Program Files/Git/mingw64/bin/../lib/gcc/x86_64-w64-mingw32/12.2.0/../../../../x86_64-w64-mingw32/bin/ld.exe: obj/DtsodV24_deserialize.c.o:DtsodV24_deserialize.c:(.rdata$.refptr.kerepTypeId_HashtablePtr[.refptr.kerepTypeId_HashtablePtr]+0x0): undefined reference to `kerepTypeId_HashtablePtr'
C:/Program Files/Git/mingw64/bin/../lib/gcc/x86_64-w64-mingw32/12.2.0/../../../../x86_64-w64-mingw32/bin/ld.exe: obj/DtsodV24_deserialize.c.o:DtsodV24_deserialize.c:(.rdata$.refptr.kerepTypeId_Int64[.refptr.kerepTypeId_Int64]+0x0): undefined reference to `kerepTypeId_Int64'
C:/Program Files/Git/mingw64/bin/../lib/gcc/x86_64-w64-mingw32/12.2.0/../../../../x86_64-w64-mingw32/bin/ld.exe: obj/DtsodV24_deserialize.c.o:DtsodV24_deserialize.c:(.rdata$.refptr.kerepTypeId_UInt64[.refptr.kerepTypeId_UInt64]+0x0): undefined reference to `kerepTypeId_UInt64'
C:/Program Files/Git/mingw64/bin/../lib/gcc/x86_64-w64-mingw32/12.2.0/../../../../x86_64-w64-mingw32/bin/ld.exe: obj/DtsodV24_deserialize.c.o:DtsodV24_deserialize.c:(.rdata$.refptr.kerepTypeId_Float64[.refptr.kerepTypeId_Float64]+0x0): undefined reference to `kerepTypeId_Float64'
C:/Program Files/Git/mingw64/bin/../lib/gcc/x86_64-w64-mingw32/12.2.0/../../../../x86_64-w64-mingw32/bin/ld.exe: obj/DtsodV24_deserialize.c.o:DtsodV24_deserialize.c:(.rdata$.refptr.kerepTypeId_Bool[.refptr.kerepTypeId_Bool]+0x0): undefined reference to `kerepTypeId_Bool'
C:/Program Files/Git/mingw64/bin/../lib/gcc/x86_64-w64-mingw32/12.2.0/../../../../x86_64-w64-mingw32/bin/ld.exe: obj/DtsodV24_deserialize.c.o:DtsodV24_deserialize.c:(.rdata$.refptr.kerepTypeId_CharPtr[.refptr.kerepTypeId_CharPtr]+0x0): undefined reference to `kerepTypeId_CharPtr'
C:/Program Files/Git/mingw64/bin/../lib/gcc/x86_64-w64-mingw32/12.2.0/../../../../x86_64-w64-mingw32/bin/ld.exe: obj/init.c.o:init.c:(.rdata$.refptr.kerepTypeId_StringBuilderPtr[.refptr.kerepTypeId_StringBuilderPtr]+0x0): undefined reference to `kerepTypeId_StringBuilderPtr'
C:/Program Files/Git/mingw64/bin/../lib/gcc/x86_64-w64-mingw32/12.2.0/../../../../x86_64-w64-mingw32/bin/ld.exe: obj/init.c.o:init.c:(.rdata$.refptr.kerepTypeId_StringBuilder[.refptr.kerepTypeId_StringBuilder]+0x0): undefined reference to `kerepTypeId_StringBuilder'
C:/Program Files/Git/mingw64/bin/../lib/gcc/x86_64-w64-mingw32/12.2.0/../../../../x86_64-w64-mingw32/bin/ld.exe: obj/init.c.o:init.c:(.rdata$.refptr.kerepTypeId_Hashtable[.refptr.kerepTypeId_Hashtable]+0x0): undefined reference to `kerepTypeId_Hashtable'
C:/Program Files/Git/mingw64/bin/../lib/gcc/x86_64-w64-mingw32/12.2.0/../../../../x86_64-w64-mingw32/bin/ld.exe: obj/init.c.o:init.c:(.rdata$.refptr.kerepTypeId_AutoarrKVPairPtr[.refptr.kerepTypeId_AutoarrKVPairPtr]+0x0): undefined reference to `kerepTypeId_AutoarrKVPairPtr'
C:/Program Files/Git/mingw64/bin/../lib/gcc/x86_64-w64-mingw32/12.2.0/../../../../x86_64-w64-mingw32/bin/ld.exe: obj/init.c.o:init.c:(.rdata$.refptr.kerepTypeId_AutoarrKVPair[.refptr.kerepTypeId_AutoarrKVPair]+0x0): undefined reference to `kerepTypeId_AutoarrKVPair'
C:/Program Files/Git/mingw64/bin/../lib/gcc/x86_64-w64-mingw32/12.2.0/../../../../x86_64-w64-mingw32/bin/ld.exe: obj/init.c.o:init.c:(.rdata$.refptr.kerepTypeId_KVPairPtr[.refptr.kerepTypeId_KVPairPtr]+0x0): undefined reference to `kerepTypeId_KVPairPtr'
C:/Program Files/Git/mingw64/bin/../lib/gcc/x86_64-w64-mingw32/12.2.0/../../../../x86_64-w64-mingw32/bin/ld.exe: obj/init.c.o:init.c:(.rdata$.refptr.kerepTypeId_KVPair[.refptr.kerepTypeId_KVPair]+0x0): undefined reference to `kerepTypeId_KVPair'
C:/Program Files/Git/mingw64/bin/../lib/gcc/x86_64-w64-mingw32/12.2.0/../../../../x86_64-w64-mingw32/bin/ld.exe: obj/init.c.o:init.c:(.rdata$.refptr.kerepTypeId_STNodePtr[.refptr.kerepTypeId_STNodePtr]+0x0): undefined reference to `kerepTypeId_STNodePtr'
C:/Program Files/Git/mingw64/bin/../lib/gcc/x86_64-w64-mingw32/12.2.0/../../../../x86_64-w64-mingw32/bin/ld.exe: obj/init.c.o:init.c:(.rdata$.refptr.kerepTypeId_STNode[.refptr.kerepTypeId_STNode]+0x0): undefined reference to `kerepTypeId_STNode'
C:/Program Files/Git/mingw64/bin/../lib/gcc/x86_64-w64-mingw32/12.2.0/../../../../x86_64-w64-mingw32/bin/ld.exe: obj/init.c.o:init.c:(.rdata$.refptr.kerepTypeId_AutoarrUnitype[.refptr.kerepTypeId_AutoarrUnitype]+0x0): undefined reference to `kerepTypeId_AutoarrUnitype'
C:/Program Files/Git/mingw64/bin/../lib/gcc/x86_64-w64-mingw32/12.2.0/../../../../x86_64-w64-mingw32/bin/ld.exe: obj/init.c.o:init.c:(.rdata$.refptr.kerepTypeId_UnitypePtr[.refptr.kerepTypeId_UnitypePtr]+0x0): undefined reference to `kerepTypeId_UnitypePtr'
C:/Program Files/Git/mingw64/bin/../lib/gcc/x86_64-w64-mingw32/12.2.0/../../../../x86_64-w64-mingw32/bin/ld.exe: obj/init.c.o:init.c:(.rdata$.refptr.kerepTypeId_Unitype[.refptr.kerepTypeId_Unitype]+0x0): undefined reference to `kerepTypeId_Unitype'
C:/Program Files/Git/mingw64/bin/../lib/gcc/x86_64-w64-mingw32/12.2.0/../../../../x86_64-w64-mingw32/bin/ld.exe: obj/init.c.o:init.c:(.rdata$.refptr.kerepTypeId_AutoarrUInt64Ptr[.refptr.kerepTypeId_AutoarrUInt64Ptr]+0x0): undefined reference to `kerepTypeId_AutoarrUInt64Ptr'
C:/Program Files/Git/mingw64/bin/../lib/gcc/x86_64-w64-mingw32/12.2.0/../../../../x86_64-w64-mingw32/bin/ld.exe: obj/init.c.o:init.c:(.rdata$.refptr.kerepTypeId_AutoarrInt64Ptr[.refptr.kerepTypeId_AutoarrInt64Ptr]+0x0): undefined reference to `kerepTypeId_AutoarrInt64Ptr'
C:/Program Files/Git/mingw64/bin/../lib/gcc/x86_64-w64-mingw32/12.2.0/../../../../x86_64-w64-mingw32/bin/ld.exe: obj/init.c.o:init.c:(.rdata$.refptr.kerepTypeId_AutoarrUInt32Ptr[.refptr.kerepTypeId_AutoarrUInt32Ptr]+0x0): undefined reference to `kerepTypeId_AutoarrUInt32Ptr'
C:/Program Files/Git/mingw64/bin/../lib/gcc/x86_64-w64-mingw32/12.2.0/../../../../x86_64-w64-mingw32/bin/ld.exe: obj/init.c.o:init.c:(.rdata$.refptr.kerepTypeId_AutoarrInt32Ptr[.refptr.kerepTypeId_AutoarrInt32Ptr]+0x0): undefined reference to `kerepTypeId_AutoarrInt32Ptr'
C:/Program Files/Git/mingw64/bin/../lib/gcc/x86_64-w64-mingw32/12.2.0/../../../../x86_64-w64-mingw32/bin/ld.exe: obj/init.c.o:init.c:(.rdata$.refptr.kerepTypeId_AutoarrUInt16Ptr[.refptr.kerepTypeId_AutoarrUInt16Ptr]+0x0): undefined reference to `kerepTypeId_AutoarrUInt16Ptr'
C:/Program Files/Git/mingw64/bin/../lib/gcc/x86_64-w64-mingw32/12.2.0/../../../../x86_64-w64-mingw32/bin/ld.exe: obj/init.c.o:init.c:(.rdata$.refptr.kerepTypeId_AutoarrInt16Ptr[.refptr.kerepTypeId_AutoarrInt16Ptr]+0x0): undefined reference to `kerepTypeId_AutoarrInt16Ptr'
C:/Program Files/Git/mingw64/bin/../lib/gcc/x86_64-w64-mingw32/12.2.0/../../../../x86_64-w64-mingw32/bin/ld.exe: obj/init.c.o:init.c:(.rdata$.refptr.kerepTypeId_AutoarrUInt8Ptr[.refptr.kerepTypeId_AutoarrUInt8Ptr]+0x0): undefined reference to `kerepTypeId_AutoarrUInt8Ptr'
C:/Program Files/Git/mingw64/bin/../lib/gcc/x86_64-w64-mingw32/12.2.0/../../../../x86_64-w64-mingw32/bin/ld.exe: obj/init.c.o:init.c:(.rdata$.refptr.kerepTypeId_AutoarrInt8Ptr[.refptr.kerepTypeId_AutoarrInt8Ptr]+0x0): undefined reference to `kerepTypeId_AutoarrInt8Ptr'
C:/Program Files/Git/mingw64/bin/../lib/gcc/x86_64-w64-mingw32/12.2.0/../../../../x86_64-w64-mingw32/bin/ld.exe: obj/init.c.o:init.c:(.rdata$.refptr.kerepTypeId_AutoarrFloat64Ptr[.refptr.kerepTypeId_AutoarrFloat64Ptr]+0x0): undefined reference to `kerepTypeId_AutoarrFloat64Ptr'
C:/Program Files/Git/mingw64/bin/../lib/gcc/x86_64-w64-mingw32/12.2.0/../../../../x86_64-w64-mingw32/bin/ld.exe: obj/init.c.o:init.c:(.rdata$.refptr.kerepTypeId_AutoarrFloat32Ptr[.refptr.kerepTypeId_AutoarrFloat32Ptr]+0x0): undefined reference to `kerepTypeId_AutoarrFloat32Ptr'
C:/Program Files/Git/mingw64/bin/../lib/gcc/x86_64-w64-mingw32/12.2.0/../../../../x86_64-w64-mingw32/bin/ld.exe: obj/init.c.o:init.c:(.rdata$.refptr.kerepTypeId_AutoarrBoolPtr[.refptr.kerepTypeId_AutoarrBoolPtr]+0x0): undefined reference to `kerepTypeId_AutoarrBoolPtr'
C:/Program Files/Git/mingw64/bin/../lib/gcc/x86_64-w64-mingw32/12.2.0/../../../../x86_64-w64-mingw32/bin/ld.exe: obj/init.c.o:init.c:(.rdata$.refptr.kerepTypeId_AutoarrCharPtr[.refptr.kerepTypeId_AutoarrCharPtr]+0x0): undefined reference to `kerepTypeId_AutoarrCharPtr'
C:/Program Files/Git/mingw64/bin/../lib/gcc/x86_64-w64-mingw32/12.2.0/../../../../x86_64-w64-mingw32/bin/ld.exe: obj/init.c.o:init.c:(.rdata$.refptr.kerepTypeId_AutoarrUInt64[.refptr.kerepTypeId_AutoarrUInt64]+0x0): undefined reference to `kerepTypeId_AutoarrUInt64'
C:/Program Files/Git/mingw64/bin/../lib/gcc/x86_64-w64-mingw32/12.2.0/../../../../x86_64-w64-mingw32/bin/ld.exe: obj/init.c.o:init.c:(.rdata$.refptr.kerepTypeId_AutoarrInt64[.refptr.kerepTypeId_AutoarrInt64]+0x0): undefined reference to `kerepTypeId_AutoarrInt64'
C:/Program Files/Git/mingw64/bin/../lib/gcc/x86_64-w64-mingw32/12.2.0/../../../../x86_64-w64-mingw32/bin/ld.exe: obj/init.c.o:init.c:(.rdata$.refptr.kerepTypeId_AutoarrUInt32[.refptr.kerepTypeId_AutoarrUInt32]+0x0): undefined reference to `kerepTypeId_AutoarrUInt32'
C:/Program Files/Git/mingw64/bin/../lib/gcc/x86_64-w64-mingw32/12.2.0/../../../../x86_64-w64-mingw32/bin/ld.exe: obj/init.c.o:init.c:(.rdata$.refptr.kerepTypeId_AutoarrInt32[.refptr.kerepTypeId_AutoarrInt32]+0x0): undefined reference to `kerepTypeId_AutoarrInt32'
C:/Program Files/Git/mingw64/bin/../lib/gcc/x86_64-w64-mingw32/12.2.0/../../../../x86_64-w64-mingw32/bin/ld.exe: obj/init.c.o:init.c:(.rdata$.refptr.kerepTypeId_AutoarrUInt16[.refptr.kerepTypeId_AutoarrUInt16]+0x0): undefined reference to `kerepTypeId_AutoarrUInt16'
C:/Program Files/Git/mingw64/bin/../lib/gcc/x86_64-w64-mingw32/12.2.0/../../../../x86_64-w64-mingw32/bin/ld.exe: obj/init.c.o:init.c:(.rdata$.refptr.kerepTypeId_AutoarrInt16[.refptr.kerepTypeId_AutoarrInt16]+0x0): undefined reference to `kerepTypeId_AutoarrInt16'
C:/Program Files/Git/mingw64/bin/../lib/gcc/x86_64-w64-mingw32/12.2.0/../../../../x86_64-w64-mingw32/bin/ld.exe: obj/init.c.o:init.c:(.rdata$.refptr.kerepTypeId_AutoarrUInt8[.refptr.kerepTypeId_AutoarrUInt8]+0x0): undefined reference to `kerepTypeId_AutoarrUInt8'
C:/Program Files/Git/mingw64/bin/../lib/gcc/x86_64-w64-mingw32/12.2.0/../../../../x86_64-w64-mingw32/bin/ld.exe: obj/init.c.o:init.c:(.rdata$.refptr.kerepTypeId_AutoarrInt8[.refptr.kerepTypeId_AutoarrInt8]+0x0): undefined reference to `kerepTypeId_AutoarrInt8'
C:/Program Files/Git/mingw64/bin/../lib/gcc/x86_64-w64-mingw32/12.2.0/../../../../x86_64-w64-mingw32/bin/ld.exe: obj/init.c.o:init.c:(.rdata$.refptr.kerepTypeId_AutoarrFloat64[.refptr.kerepTypeId_AutoarrFloat64]+0x0): undefined reference to `kerepTypeId_AutoarrFloat64'
C:/Program Files/Git/mingw64/bin/../lib/gcc/x86_64-w64-mingw32/12.2.0/../../../../x86_64-w64-mingw32/bin/ld.exe: obj/init.c.o:init.c:(.rdata$.refptr.kerepTypeId_AutoarrFloat32[.refptr.kerepTypeId_AutoarrFloat32]+0x0): undefined reference to `kerepTypeId_AutoarrFloat32'
C:/Program Files/Git/mingw64/bin/../lib/gcc/x86_64-w64-mingw32/12.2.0/../../../../x86_64-w64-mingw32/bin/ld.exe: obj/init.c.o:init.c:(.rdata$.refptr.kerepTypeId_AutoarrBool[.refptr.kerepTypeId_AutoarrBool]+0x0): undefined reference to `kerepTypeId_AutoarrBool'
C:/Program Files/Git/mingw64/bin/../lib/gcc/x86_64-w64-mingw32/12.2.0/../../../../x86_64-w64-mingw32/bin/ld.exe: obj/init.c.o:init.c:(.rdata$.refptr.kerepTypeId_AutoarrChar[.refptr.kerepTypeId_AutoarrChar]+0x0): undefined reference to `kerepTypeId_AutoarrChar'
C:/Program Files/Git/mingw64/bin/../lib/gcc/x86_64-w64-mingw32/12.2.0/../../../../x86_64-w64-mingw32/bin/ld.exe: obj/init.c.o:init.c:(.rdata$.refptr.kerepTypeId_UInt64Ptr[.refptr.kerepTypeId_UInt64Ptr]+0x0): undefined reference to `kerepTypeId_UInt64Ptr'
C:/Program Files/Git/mingw64/bin/../lib/gcc/x86_64-w64-mingw32/12.2.0/../../../../x86_64-w64-mingw32/bin/ld.exe: obj/init.c.o:init.c:(.rdata$.refptr.kerepTypeId_Int64Ptr[.refptr.kerepTypeId_Int64Ptr]+0x0): undefined reference to `kerepTypeId_Int64Ptr'
C:/Program Files/Git/mingw64/bin/../lib/gcc/x86_64-w64-mingw32/12.2.0/../../../../x86_64-w64-mingw32/bin/ld.exe: obj/init.c.o:init.c:(.rdata$.refptr.kerepTypeId_UInt32Ptr[.refptr.kerepTypeId_UInt32Ptr]+0x0): undefined reference to `kerepTypeId_UInt32Ptr'
C:/Program Files/Git/mingw64/bin/../lib/gcc/x86_64-w64-mingw32/12.2.0/../../../../x86_64-w64-mingw32/bin/ld.exe: obj/init.c.o:init.c:(.rdata$.refptr.kerepTypeId_Int32Ptr[.refptr.kerepTypeId_Int32Ptr]+0x0): undefined reference to `kerepTypeId_Int32Ptr'
C:/Program Files/Git/mingw64/bin/../lib/gcc/x86_64-w64-mingw32/12.2.0/../../../../x86_64-w64-mingw32/bin/ld.exe: obj/init.c.o:init.c:(.rdata$.refptr.kerepTypeId_UInt16Ptr[.refptr.kerepTypeId_UInt16Ptr]+0x0): undefined reference to `kerepTypeId_UInt16Ptr'
C:/Program Files/Git/mingw64/bin/../lib/gcc/x86_64-w64-mingw32/12.2.0/../../../../x86_64-w64-mingw32/bin/ld.exe: obj/init.c.o:init.c:(.rdata$.refptr.kerepTypeId_Int16Ptr[.refptr.kerepTypeId_Int16Ptr]+0x0): undefined reference to `kerepTypeId_Int16Ptr'
C:/Program Files/Git/mingw64/bin/../lib/gcc/x86_64-w64-mingw32/12.2.0/../../../../x86_64-w64-mingw32/bin/ld.exe: obj/init.c.o:init.c:(.rdata$.refptr.kerepTypeId_UInt8Ptr[.refptr.kerepTypeId_UInt8Ptr]+0x0): undefined reference to `kerepTypeId_UInt8Ptr'
C:/Program Files/Git/mingw64/bin/../lib/gcc/x86_64-w64-mingw32/12.2.0/../../../../x86_64-w64-mingw32/bin/ld.exe: obj/init.c.o:init.c:(.rdata$.refptr.kerepTypeId_Int8Ptr[.refptr.kerepTypeId_Int8Ptr]+0x0): undefined reference to `kerepTypeId_Int8Ptr'
C:/Program Files/Git/mingw64/bin/../lib/gcc/x86_64-w64-mingw32/12.2.0/../../../../x86_64-w64-mingw32/bin/ld.exe: obj/init.c.o:init.c:(.rdata$.refptr.kerepTypeId_Float64Ptr[.refptr.kerepTypeId_Float64Ptr]+0x0): undefined reference to `kerepTypeId_Float64Ptr'
C:/Program Files/Git/mingw64/bin/../lib/gcc/x86_64-w64-mingw32/12.2.0/../../../../x86_64-w64-mingw32/bin/ld.exe: obj/init.c.o:init.c:(.rdata$.refptr.kerepTypeId_Float32Ptr[.refptr.kerepTypeId_Float32Ptr]+0x0): undefined reference to `kerepTypeId_Float32Ptr'
C:/Program Files/Git/mingw64/bin/../lib/gcc/x86_64-w64-mingw32/12.2.0/../../../../x86_64-w64-mingw32/bin/ld.exe: obj/init.c.o:init.c:(.rdata$.refptr.kerepTypeId_BoolPtr[.refptr.kerepTypeId_BoolPtr]+0x0): undefined reference to `kerepTypeId_BoolPtr'
C:/Program Files/Git/mingw64/bin/../lib/gcc/x86_64-w64-mingw32/12.2.0/../../../../x86_64-w64-mingw32/bin/ld.exe: obj/init.c.o:init.c:(.rdata$.refptr.kerepTypeId_UInt32[.refptr.kerepTypeId_UInt32]+0x0): undefined reference to `kerepTypeId_UInt32'
C:/Program Files/Git/mingw64/bin/../lib/gcc/x86_64-w64-mingw32/12.2.0/../../../../x86_64-w64-mingw32/bin/ld.exe: obj/init.c.o:init.c:(.rdata$.refptr.kerepTypeId_Int32[.refptr.kerepTypeId_Int32]+0x0): undefined reference to `kerepTypeId_Int32'
C:/Program Files/Git/mingw64/bin/../lib/gcc/x86_64-w64-mingw32/12.2.0/../../../../x86_64-w64-mingw32/bin/ld.exe: obj/init.c.o:init.c:(.rdata$.refptr.kerepTypeId_UInt16[.refptr.kerepTypeId_UInt16]+0x0): undefined reference to `kerepTypeId_UInt16'
C:/Program Files/Git/mingw64/bin/../lib/gcc/x86_64-w64-mingw32/12.2.0/../../../../x86_64-w64-mingw32/bin/ld.exe: obj/init.c.o:init.c:(.rdata$.refptr.kerepTypeId_Int16[.refptr.kerepTypeId_Int16]+0x0): undefined reference to `kerepTypeId_Int16'
C:/Program Files/Git/mingw64/bin/../lib/gcc/x86_64-w64-mingw32/12.2.0/../../../../x86_64-w64-mingw32/bin/ld.exe: obj/init.c.o:init.c:(.rdata$.refptr.kerepTypeId_UInt8[.refptr.kerepTypeId_UInt8]+0x0): undefined reference to `kerepTypeId_UInt8'
C:/Program Files/Git/mingw64/bin/../lib/gcc/x86_64-w64-mingw32/12.2.0/../../../../x86_64-w64-mingw32/bin/ld.exe: obj/init.c.o:init.c:(.rdata$.refptr.kerepTypeId_Int8[.refptr.kerepTypeId_Int8]+0x0): undefined reference to `kerepTypeId_Int8'
C:/Program Files/Git/mingw64/bin/../lib/gcc/x86_64-w64-mingw32/12.2.0/../../../../x86_64-w64-mingw32/bin/ld.exe: obj/init.c.o:init.c:(.rdata$.refptr.kerepTypeId_Float32[.refptr.kerepTypeId_Float32]+0x0): undefined reference to `kerepTypeId_Float32'
C:/Program Files/Git/mingw64/bin/../lib/gcc/x86_64-w64-mingw32/12.2.0/../../../../x86_64-w64-mingw32/bin/ld.exe: obj/init.c.o:init.c:(.rdata$.refptr.kerepTypeId_Char[.refptr.kerepTypeId_Char]+0x0): undefined reference to `kerepTypeId_Char'
collect2.exe: error: ld returned 1 exit status
make: *** [Makefile:3: build_test] Error 1
